<?xml version="1.0" encoding="UTF-8"?>
<!-- Generated by org.testng.reporters.JUnitReportReporter -->
<testsuite hostname="DESKTOP-NTBE7P3" name="testcases.Prec" tests="1" failures="0" timestamp="14 Apr 2019 19:43:53 GMT" time="0.007" errors="0">
  <testcase name="test2" time="0.007" classname="testcases.Prec"/>
</testsuite> <!-- testcases.Prec -->
