<?xml version="1.0" encoding="UTF-8"?>
<!-- Generated by org.testng.reporters.JUnitReportReporter -->
<testsuite hostname="DESKTOP-NTBE7P3" name="testcases.TestCase" tests="1" failures="0" timestamp="14 Apr 2019 19:56:05 GMT" time="0.161" errors="0">
  <testcase name="test" time="0.161" classname="testcases.TestCase"/>
</testsuite> <!-- testcases.TestCase -->
