<?xml version="1.0" encoding="UTF-8"?>
<!-- Generated by org.testng.reporters.JUnitReportReporter -->
<testsuite hostname="DESKTOP-NTBE7P3" name="prec.Prectrycatch" tests="1" failures="0" timestamp="14 Apr 2019 16:50:53 GMT" time="0.004" errors="0">
  <testcase name="trycatch" time="0.004" classname="prec.Prectrycatch"/>
</testsuite> <!-- prec.Prectrycatch -->
