<?xml version="1.0" encoding="UTF-8"?>
<!-- Generated by org.testng.reporters.JUnitReportReporter -->
<testsuite hostname="DESKTOP-NTBE7P3" name="prec.DependsOn" tests="3" failures="0" timestamp="14 Apr 2019 16:50:53 GMT" time="0.004" errors="0">
  <testcase name="LogOut" time="0.001" classname="prec.DependsOn"/>
  <testcase name="openBrowser" time="0.001" classname="prec.DependsOn"/>
  <testcase name="SignIn" time="0.002" classname="prec.DependsOn"/>
</testsuite> <!-- prec.DependsOn -->
