<?xml version="1.0" encoding="UTF-8"?>
<!-- Generated by org.testng.reporters.JUnitReportReporter -->
<testsuite hostname="DESKTOP-NTBE7P3" name="prec.Grouping" tests="4" failures="0" timestamp="14 Apr 2019 16:50:53 GMT" time="0.007" errors="0">
  <testcase name="talentTEK_Consulting" time="0.001" classname="prec.Grouping"/>
  <testcase name="talentTEK1" time="0.001" classname="prec.Grouping"/>
  <testcase name="Consulting2" time="0.003" classname="prec.Grouping"/>
  <testcase name="talentTEK2" time="0.002" classname="prec.Grouping"/>
</testsuite> <!-- prec.Grouping -->
