<?xml version="1.0" encoding="UTF-8"?>
<!-- Generated by org.testng.reporters.JUnitReportReporter -->
<testsuite hostname="DESKTOP-NTBE7P3" name="prec.AnnotationsPrec" tests="2" failures="0" timestamp="14 Apr 2019 16:50:53 GMT" time="0.004" errors="0">
  <testcase name="my2Test" time="0.002" classname="prec.AnnotationsPrec"/>
  <testcase name="myTest" time="0.002" classname="prec.AnnotationsPrec"/>
</testsuite> <!-- prec.AnnotationsPrec -->
